[ERROR] 18:48:02:772 SuperBLoque/(11027:11027): Archivo de SuperBloque inválido.
[INFO] 18:48:02:772 SuperBLoque/(11027:11027): Cliente conectado en 127.0.0.1:8002 (a MEMORIA)

[INFO] 18:48:02:775 SuperBLoque/(11027:11027): Escuchando en (null):8003 (FileSystem server)

[INFO] 18:48:09:752 SuperBLoque/(11027:11027): Cliente conectado (a FILESYSTEM_SV)

[INFO] 18:48:23:833 SuperBLoque/(11027:11032): Se recibio F_OPEN con parametros ARCHIVO
,  y 
[INFO] 18:48:23:834 SuperBLoque/(11027:11032): Se recibio F_TRUNCATE con parametros ARCHIVO, 64
 y 
[INFO] 18:48:23:834 SuperBLoque/(11027:11032): Se recibio F_SEEK con parametros ARCHIVO, 10
 y 
[INFO] 18:48:23:834 SuperBLoque/(11027:11032): Se recibio F_WRITE con parametros ARCHIVO, 4 y 4

[INFO] 18:48:23:835 SuperBLoque/(11027:11032): Se recibio F_READ con parametros ARCHIVO, 16 y 4

[INFO] 18:48:23:835 SuperBLoque/(11027:11032): Se recibio F_CLOSE con parametros ARCHIVO
,  y 
[INFO] 18:48:28:849 SuperBLoque/(11027:11032): Se ha finalizado la conexion
[ERROR] 19:03:47:504 SuperBLoque/(11318:11318): Archivo de SuperBloque inválido.
[INFO] 19:03:47:505 SuperBLoque/(11318:11318): Cliente conectado en 127.0.0.1:8002 (a MEMORIA)

[INFO] 19:03:47:506 SuperBLoque/(11318:11318): Escuchando en (null):8003 (FileSystem server)

[ERROR] 19:06:31:628 SuperBLoque/(11496:11496): Archivo de SuperBloque inválido.
[INFO] 19:06:31:628 SuperBLoque/(11496:11496): Cliente conectado en 127.0.0.1:8002 (a MEMORIA)

[INFO] 19:06:31:629 SuperBLoque/(11496:11496): Escuchando en (null):8003 (FileSystem server)

