[INFO] 16:42:50:478 Memoria/(58007:58007): PUERTO_ESCUCHA: 8002
TAM_MEMORIA: 4096
TAM_SEGMENTO_0: 128
CANT_SEGMENTOS: 16
RETARDO_MEMORIA: 1000
RETARDO_COMPACTACION: 60000
ALGORITMO_ASIGNACION: BEST

[INFO] 16:42:50:480 Memoria/(58007:58007): Algoritmo BEST configurado
[INFO] 16:42:50:480 Memoria/(58007:58007): Segmento 0 (Compartido) creado: Id: 0 - Dir Base: 0 - Tamanio: 128
[INFO] 16:42:50:484 Memoria/(58007:58007): Escuchando en 127.0.0.1:8002 (memoria_sv)

[INFO] 16:42:56:229 Memoria/(58007:58008): Cliente conectado (a memoria_sv)

[INFO] 16:42:56:230 Memoria/(58007:58008): RESPUESTA AL CONECTAR CPU
[INFO] 16:43:01:956 Memoria/(58007:58009): Cliente conectado (a memoria_sv)

[INFO] 16:43:01:958 Memoria/(58007:58009): RESPUESTA AL CONECTAR FILESYSTEM
[INFO] 16:43:10:130 Memoria/(58007:58010): Cliente conectado (a memoria_sv)

[INFO] 16:43:10:130 Memoria/(58007:58010): RESPUESTA AL CONECTAR KERNEL
[INFO] 16:44:22:474 Memoria/(58007:58010): [KERNEL] Recibiendo solicitud de segmento para programa 0
[INFO] 16:44:22:474 Memoria/(58007:58010): [KERNEL] Envio de segmento 0 para programa 0
[INFO] 16:44:24:695 Memoria/(58007:58010): [KERNEL] Recibiendo solicitud de segmento para programa 1
[INFO] 16:44:24:695 Memoria/(58007:58010): [KERNEL] Envio de segmento 0 para programa 1
[INFO] 16:44:27:067 Memoria/(58007:58010): [KERNEL] Recibiendo solicitud de segmento para programa 2
[INFO] 16:44:27:067 Memoria/(58007:58010): [KERNEL] Envio de segmento 0 para programa 2
[INFO] 16:46:17:560 Memoria/(58007:58010): Se ha finalizado la conexion
[INFO] 16:46:19:572 Memoria/(58007:58009): Se ha finalizado la conexion
[INFO] 16:46:21:508 Memoria/(58007:58008): Se ha finalizado la conexion
[INFO] 16:47:17:330 Memoria/(58036:58036): PUERTO_ESCUCHA: 8002
TAM_MEMORIA: 4096
TAM_SEGMENTO_0: 128
CANT_SEGMENTOS: 16
RETARDO_MEMORIA: 1000
RETARDO_COMPACTACION: 60000
ALGORITMO_ASIGNACION: BEST

[INFO] 16:47:17:330 Memoria/(58036:58036): Algoritmo BEST configurado
[INFO] 16:47:17:330 Memoria/(58036:58036): Segmento 0 (Compartido) creado: Id: 0 - Dir Base: 0 - Tamanio: 128
[INFO] 16:47:17:330 Memoria/(58036:58036): Escuchando en 127.0.0.1:8002 (memoria_sv)

[INFO] 16:47:19:775 Memoria/(58036:58037): Cliente conectado (a memoria_sv)

[INFO] 16:47:19:775 Memoria/(58036:58037): RESPUESTA AL CONECTAR CPU
[INFO] 16:47:23:151 Memoria/(58036:58038): Cliente conectado (a memoria_sv)

[INFO] 16:47:23:151 Memoria/(58036:58038): RESPUESTA AL CONECTAR FILESYSTEM
[INFO] 16:47:24:747 Memoria/(58036:58039): Cliente conectado (a memoria_sv)

[INFO] 16:47:24:748 Memoria/(58036:58039): RESPUESTA AL CONECTAR KERNEL
[INFO] 16:47:31:344 Memoria/(58036:58039): [KERNEL] Recibiendo solicitud de segmento para programa 0
[INFO] 16:47:31:344 Memoria/(58036:58039): [KERNEL] Envio de segmento 0 para programa 0
[INFO] 16:52:48:992 Memoria/(58036:58039): Se ha finalizado la conexion
[INFO] 16:52:51:263 Memoria/(58036:58039): Cliente conectado (a memoria_sv)

[INFO] 16:52:51:263 Memoria/(58036:58039): RESPUESTA AL CONECTAR KERNEL
[INFO] 16:52:53:713 Memoria/(58036:58039): [KERNEL] Recibiendo solicitud de segmento para programa 0
[INFO] 16:52:53:713 Memoria/(58036:58039): [KERNEL] Envio de segmento 0 para programa 0
