[INFO] 16:40:16:676 Cpu/(151810:151810): 
RETARDO_INSTRUCCION 1000
IP_MEMORIA: 127.0.0.1
PUERTO_MEMORIA: 8002
PUERTO_ESCUCHA: 8001
TAM_MAX_SEGMENTO: 128

[INFO] 16:47:43:288 Cpu/(152257:152257): 
RETARDO_INSTRUCCION 1000
IP_MEMORIA: 127.0.0.1
PUERTO_MEMORIA: 8002
PUERTO_ESCUCHA: 8001
TAM_MAX_SEGMENTO: 128

[INFO] 16:49:31:364 Cpu/(152347:152347): 
RETARDO_INSTRUCCION 1000
IP_MEMORIA: 127.0.0.1
PUERTO_MEMORIA: 8002
PUERTO_ESCUCHA: 8001
TAM_MAX_SEGMENTO: 128

[INFO] 16:49:57:653 Cpu/(152383:152383): 
RETARDO_INSTRUCCION 1000
IP_MEMORIA: 127.0.0.1
PUERTO_MEMORIA: 8002
PUERTO_ESCUCHA: 8001
TAM_MAX_SEGMENTO: 128

[INFO] 16:53:14:572 Cpu/(152498:152498): 
RETARDO_INSTRUCCION 1000
IP_MEMORIA: 127.0.0.1
PUERTO_MEMORIA: 8002
PUERTO_ESCUCHA: 8001
TAM_MAX_SEGMENTO: 128

[INFO] 16:53:36:845 Cpu/(152522:152522): 
RETARDO_INSTRUCCION 1000
IP_MEMORIA: 127.0.0.1
PUERTO_MEMORIA: 8002
PUERTO_ESCUCHA: 8001
TAM_MAX_SEGMENTO: 128

[INFO] 18:16:41:664 Cpu/(154898:154898): 
RETARDO_INSTRUCCION 1000
IP_MEMORIA: 127.0.0.1
PUERTO_MEMORIA: 8002
PUERTO_ESCUCHA: 8001
TAM_MAX_SEGMENTO: 128

[INFO] 18:20:22:242 Cpu/(155268:155268): 
RETARDO_INSTRUCCION 1000
IP_MEMORIA: 127.0.0.1
PUERTO_MEMORIA: 8002
PUERTO_ESCUCHA: 8001
TAM_MAX_SEGMENTO: 128

[INFO] 18:25:24:565 Cpu/(155615:155615): 
RETARDO_INSTRUCCION 1000
IP_MEMORIA: 127.0.0.1
PUERTO_MEMORIA: 8002
PUERTO_ESCUCHA: 8001
TAM_MAX_SEGMENTO: 128

[INFO] 18:27:28:210 Cpu/(155706:155706): 
RETARDO_INSTRUCCION 1000
IP_MEMORIA: 127.0.0.1
PUERTO_MEMORIA: 8002
PUERTO_ESCUCHA: 8001
TAM_MAX_SEGMENTO: 128

[INFO] 18:30:20:101 Cpu/(155901:155901): 
RETARDO_INSTRUCCION 1000
IP_MEMORIA: 127.0.0.1
PUERTO_MEMORIA: 8002
PUERTO_ESCUCHA: 8001
TAM_MAX_SEGMENTO: 128

[INFO] 18:41:03:046 Cpu/(156409:156409): 
RETARDO_INSTRUCCION 1000
IP_MEMORIA: 127.0.0.1
PUERTO_MEMORIA: 8002
PUERTO_ESCUCHA: -359773552
TAM_MAX_SEGMENTO: 128

[INFO] 18:41:21:384 Cpu/(156439:156439): 
RETARDO_INSTRUCCION 1000
IP_MEMORIA: 127.0.0.1
PUERTO_MEMORIA: 8002
PUERTO_ESCUCHA: 1431677584
TAM_MAX_SEGMENTO: 128

[INFO] 18:44:06:115 Cpu/(156546:156546): 
RETARDO_INSTRUCCION 1000
IP_MEMORIA: 127.0.0.1
PUERTO_MEMORIA: 8002
PUERTO_ESCUCHA: 8001
TAM_MAX_SEGMENTO: 128

[INFO] 18:44:34:299 Cpu/(156575:156575): 
RETARDO_INSTRUCCION 1000
IP_MEMORIA: 127.0.0.1
PUERTO_MEMORIA: 8002
PUERTO_ESCUCHA: 8001
TAM_MAX_SEGMENTO: 128

[INFO] 18:49:59:005 Cpu/(156912:156912): 
RETARDO_INSTRUCCION 1000
IP_MEMORIA: 127.0.0.1
PUERTO_MEMORIA: 8002
PUERTO_ESCUCHA: 8001
TAM_MAX_SEGMENTO: 128

[INFO] 18:51:18:166 Cpu/(156998:156998): 
RETARDO_INSTRUCCION 1000
IP_MEMORIA: 127.0.0.1
PUERTO_MEMORIA: 8002
PUERTO_ESCUCHA: 8001
TAM_MAX_SEGMENTO: 128

[INFO] 18:52:05:783 Cpu/(157062:157062): 
RETARDO_INSTRUCCION 1000
IP_MEMORIA: 127.0.0.1
PUERTO_MEMORIA: 8002
PUERTO_ESCUCHA: 8001
TAM_MAX_SEGMENTO: 128

[INFO] 18:53:16:424 Cpu/(157164:157164): 
RETARDO_INSTRUCCION 1000
IP_MEMORIA: 127.0.0.1
PUERTO_MEMORIA: 8002
PUERTO_ESCUCHA: 8001
TAM_MAX_SEGMENTO: 128

